<?xml version="1.0" encoding="UTF-8"?>
<coverage generated="1554810277">
  <project timestamp="1554810277">
    <package name="AbterPhp\Contact\Constant">
      <file name="/website/src/Constant/Env.php">
        <class name="AbterPhp\Contact\Constant\Env" namespace="AbterPhp\Contact\Constant">
          <metrics complexity="0" methods="0" coveredmethods="0" conditionals="0" coveredconditionals="0" statements="0" coveredstatements="0" elements="0" coveredelements="0"/>
        </class>
        <metrics loc="18" ncloc="18" classes="0" methods="0" coveredmethods="0" conditionals="0" coveredconditionals="0" statements="0" coveredstatements="0" elements="0" coveredelements="0"/>
      </file>
      <file name="/website/src/Constant/Routes.php">
        <class name="AbterPhp\Contact\Constant\Routes" namespace="AbterPhp\Contact\Constant">
          <metrics complexity="0" methods="0" coveredmethods="0" conditionals="0" coveredconditionals="0" statements="0" coveredstatements="0" elements="0" coveredelements="0"/>
        </class>
        <metrics loc="12" ncloc="12" classes="0" methods="0" coveredmethods="0" conditionals="0" coveredconditionals="0" statements="0" coveredstatements="0" elements="0" coveredelements="0"/>
      </file>
    </package>
    <package name="AbterPhp\Contact\Databases\Migrations">
      <file name="/website/src/Databases/Migrations/Init.php">
        <class name="AbterPhp\Contact\Databases\Migrations\Init" namespace="AbterPhp\Contact\Databases\Migrations">
          <metrics complexity="4" methods="4" coveredmethods="0" conditionals="0" coveredconditionals="0" statements="17" coveredstatements="0" elements="21" coveredelements="0"/>
        </class>
        <line num="22" type="method" name="__construct" visibility="public" complexity="1" crap="2" count="0"/>
        <line num="23" type="stmt" count="0"/>
        <line num="24" type="stmt" count="0"/>
        <line num="26" type="stmt" count="0"/>
        <line num="27" type="stmt" count="0"/>
        <line num="34" type="method" name="getCreationDate" visibility="public" complexity="1" crap="2" count="0"/>
        <line num="35" type="stmt" count="0"/>
        <line num="36" type="stmt" count="0"/>
        <line num="37" type="stmt" count="0"/>
        <line num="42" type="method" name="down" visibility="public" complexity="1" crap="2" count="0"/>
        <line num="43" type="stmt" count="0"/>
        <line num="44" type="stmt" count="0"/>
        <line num="45" type="stmt" count="0"/>
        <line num="46" type="stmt" count="0"/>
        <line num="47" type="stmt" count="0"/>
        <line num="52" type="method" name="up" visibility="public" complexity="1" crap="2" count="0"/>
        <line num="53" type="stmt" count="0"/>
        <line num="54" type="stmt" count="0"/>
        <line num="55" type="stmt" count="0"/>
        <line num="56" type="stmt" count="0"/>
        <line num="57" type="stmt" count="0"/>
        <metrics loc="58" ncloc="41" classes="1" methods="4" coveredmethods="0" conditionals="0" coveredconditionals="0" statements="17" coveredstatements="0" elements="21" coveredelements="0"/>
      </file>
    </package>
    <package name="AbterPhp\Contact\Events\Listeners">
      <file name="/website/src/Events/Listeners/DashboardBuilder.php">
        <class name="AbterPhp\Contact\Events\Listeners\DashboardBuilder" namespace="AbterPhp\Contact\Events\Listeners">
          <metrics complexity="1" methods="1" coveredmethods="0" conditionals="0" coveredconditionals="0" statements="3" coveredstatements="0" elements="4" coveredelements="0"/>
        </class>
        <line num="18" type="method" name="handle" visibility="public" complexity="1" crap="2" count="0"/>
        <line num="19" type="stmt" count="0"/>
        <line num="20" type="stmt" count="0"/>
        <line num="21" type="stmt" count="0"/>
        <metrics loc="22" ncloc="19" classes="1" methods="1" coveredmethods="0" conditionals="0" coveredconditionals="0" statements="3" coveredstatements="0" elements="4" coveredelements="0"/>
      </file>
      <file name="/website/src/Events/Listeners/TemplateInitializer.php">
        <class name="AbterPhp\Contact\Events\Listeners\TemplateInitializer" namespace="AbterPhp\Contact\Events\Listeners">
          <metrics complexity="2" methods="2" coveredmethods="0" conditionals="0" coveredconditionals="0" statements="6" coveredstatements="0" elements="8" coveredelements="0"/>
        </class>
        <line num="23" type="method" name="__construct" visibility="public" complexity="1" crap="2" count="0"/>
        <line num="24" type="stmt" count="0"/>
        <line num="25" type="stmt" count="0"/>
        <line num="26" type="stmt" count="0"/>
        <line num="31" type="method" name="handle" visibility="public" complexity="1" crap="2" count="0"/>
        <line num="32" type="stmt" count="0"/>
        <line num="33" type="stmt" count="0"/>
        <line num="34" type="stmt" count="0"/>
        <metrics loc="35" ncloc="26" classes="1" methods="2" coveredmethods="0" conditionals="0" coveredconditionals="0" statements="6" coveredstatements="0" elements="8" coveredelements="0"/>
      </file>
    </package>
    <package name="AbterPhp\Contact\Form\Factory">
      <file name="/website/src/Form/Factory/Contact.php">
        <class name="AbterPhp\Contact\Form\Factory\Contact" namespace="AbterPhp\Contact\Form\Factory">
          <metrics complexity="8" methods="7" coveredmethods="0" conditionals="0" coveredconditionals="0" statements="52" coveredstatements="0" elements="59" coveredelements="0"/>
        </class>
        <line num="29" type="method" name="create" visibility="public" complexity="2" crap="6" count="0"/>
        <line num="30" type="stmt" count="0"/>
        <line num="31" type="stmt" count="0"/>
        <line num="32" type="stmt" count="0"/>
        <line num="33" type="stmt" count="0"/>
        <line num="34" type="stmt" count="0"/>
        <line num="35" type="stmt" count="0"/>
        <line num="36" type="stmt" count="0"/>
        <line num="37" type="stmt" count="0"/>
        <line num="39" type="stmt" count="0"/>
        <line num="41" type="stmt" count="0"/>
        <line num="43" type="stmt" count="0"/>
        <line num="44" type="stmt" count="0"/>
        <line num="49" type="method" name="addDefaultElements" visibility="protected" complexity="1" crap="2" count="0"/>
        <line num="50" type="stmt" count="0"/>
        <line num="51" type="stmt" count="0"/>
        <line num="52" type="stmt" count="0"/>
        <line num="54" type="stmt" count="0"/>
        <line num="56" type="stmt" count="0"/>
        <line num="58" type="stmt" count="0"/>
        <line num="59" type="stmt" count="0"/>
        <line num="64" type="method" name="addFromName" visibility="protected" complexity="1" crap="2" count="0"/>
        <line num="65" type="stmt" count="0"/>
        <line num="66" type="stmt" count="0"/>
        <line num="67" type="stmt" count="0"/>
        <line num="69" type="stmt" count="0"/>
        <line num="71" type="stmt" count="0"/>
        <line num="72" type="stmt" count="0"/>
        <line num="77" type="method" name="addFromEmail" visibility="protected" complexity="1" crap="2" count="0"/>
        <line num="78" type="stmt" count="0"/>
        <line num="79" type="stmt" count="0"/>
        <line num="80" type="stmt" count="0"/>
        <line num="82" type="stmt" count="0"/>
        <line num="84" type="stmt" count="0"/>
        <line num="85" type="stmt" count="0"/>
        <line num="90" type="method" name="addSubject" visibility="protected" complexity="1" crap="2" count="0"/>
        <line num="91" type="stmt" count="0"/>
        <line num="92" type="stmt" count="0"/>
        <line num="93" type="stmt" count="0"/>
        <line num="94" type="stmt" count="0"/>
        <line num="95" type="stmt" count="0"/>
        <line num="96" type="stmt" count="0"/>
        <line num="97" type="stmt" count="0"/>
        <line num="99" type="stmt" count="0"/>
        <line num="101" type="stmt" count="0"/>
        <line num="102" type="stmt" count="0"/>
        <line num="107" type="method" name="addBody" visibility="protected" complexity="1" crap="2" count="0"/>
        <line num="108" type="stmt" count="0"/>
        <line num="109" type="stmt" count="0"/>
        <line num="110" type="stmt" count="0"/>
        <line num="112" type="stmt" count="0"/>
        <line num="114" type="stmt" count="0"/>
        <line num="115" type="stmt" count="0"/>
        <line num="120" type="method" name="addSubmit" visibility="protected" complexity="1" crap="2" count="0"/>
        <line num="121" type="stmt" count="0"/>
        <line num="122" type="stmt" count="0"/>
        <line num="124" type="stmt" count="0"/>
        <line num="126" type="stmt" count="0"/>
        <line num="127" type="stmt" count="0"/>
        <metrics loc="128" ncloc="102" classes="1" methods="7" coveredmethods="0" conditionals="0" coveredconditionals="0" statements="52" coveredstatements="0" elements="59" coveredelements="0"/>
      </file>
    </package>
    <package name="AbterPhp\Contact\Http\Controllers\Website">
      <file name="/website/src/Http/Controllers/Website/Contact.php">
        <class name="AbterPhp\Contact\Http\Controllers\Website\Contact" namespace="AbterPhp\Contact\Http\Controllers\Website">
          <metrics complexity="6" methods="3" coveredmethods="0" conditionals="0" coveredconditionals="0" statements="27" coveredstatements="0" elements="30" coveredelements="0"/>
        </class>
        <line num="35" type="method" name="__construct" visibility="public" complexity="1" crap="2" count="0"/>
        <line num="36" type="stmt" count="0"/>
        <line num="37" type="stmt" count="0"/>
        <line num="38" type="stmt" count="0"/>
        <line num="39" type="stmt" count="0"/>
        <line num="40" type="stmt" count="0"/>
        <line num="41" type="stmt" count="0"/>
        <line num="46" type="method" name="send" visibility="public" complexity="4" crap="20" count="0"/>
        <line num="47" type="stmt" count="0"/>
        <line num="48" type="stmt" count="0"/>
        <line num="50" type="stmt" count="0"/>
        <line num="52" type="stmt" count="0"/>
        <line num="53" type="stmt" count="0"/>
        <line num="55" type="stmt" count="0"/>
        <line num="56" type="stmt" count="0"/>
        <line num="58" type="stmt" count="0"/>
        <line num="59" type="stmt" count="0"/>
        <line num="60" type="stmt" count="0"/>
        <line num="61" type="stmt" count="0"/>
        <line num="63" type="stmt" count="0"/>
        <line num="64" type="stmt" count="0"/>
        <line num="65" type="stmt" count="0"/>
        <line num="67" type="stmt" count="0"/>
        <line num="68" type="stmt" count="0"/>
        <line num="75" type="method" name="redirectTo" visibility="private" complexity="1" crap="2" count="0"/>
        <line num="76" type="stmt" count="0"/>
        <line num="77" type="stmt" count="0"/>
        <line num="78" type="stmt" count="0"/>
        <line num="80" type="stmt" count="0"/>
        <line num="81" type="stmt" count="0"/>
        <metrics loc="82" ncloc="65" classes="1" methods="3" coveredmethods="0" conditionals="0" coveredconditionals="0" statements="27" coveredstatements="0" elements="30" coveredelements="0"/>
      </file>
    </package>
    <package name="AbterPhp\Contact\Service\Execute">
      <file name="/website/src/Service/Execute/Contact.php">
        <class name="AbterPhp\Contact\Service\Execute\Contact" namespace="AbterPhp\Contact\Service\Execute">
          <metrics complexity="7" methods="5" coveredmethods="0" conditionals="0" coveredconditionals="0" statements="32" coveredstatements="0" elements="37" coveredelements="0"/>
        </class>
        <line num="36" type="method" name="__construct" visibility="public" complexity="1" crap="2" count="0"/>
        <line num="37" type="stmt" count="0"/>
        <line num="38" type="stmt" count="0"/>
        <line num="39" type="stmt" count="0"/>
        <line num="40" type="stmt" count="0"/>
        <line num="41" type="stmt" count="0"/>
        <line num="42" type="stmt" count="0"/>
        <line num="49" type="method" name="send" visibility="public" complexity="1" crap="2" count="0"/>
        <line num="50" type="stmt" count="0"/>
        <line num="51" type="stmt" count="0"/>
        <line num="53" type="stmt" count="0"/>
        <line num="54" type="stmt" count="0"/>
        <line num="55" type="stmt" count="0"/>
        <line num="56" type="stmt" count="0"/>
        <line num="57" type="stmt" count="0"/>
        <line num="58" type="stmt" count="0"/>
        <line num="59" type="stmt" count="0"/>
        <line num="60" type="stmt" count="0"/>
        <line num="65" type="method" name="getFailedRecipients" visibility="public" complexity="1" crap="2" count="0"/>
        <line num="66" type="stmt" count="0"/>
        <line num="67" type="stmt" count="0"/>
        <line num="68" type="stmt" count="0"/>
        <line num="75" type="method" name="validateForm" visibility="public" complexity="2" crap="6" count="0"/>
        <line num="76" type="stmt" count="0"/>
        <line num="77" type="stmt" count="0"/>
        <line num="78" type="stmt" count="0"/>
        <line num="79" type="stmt" count="0"/>
        <line num="81" type="stmt" count="0"/>
        <line num="82" type="stmt" count="0"/>
        <line num="87" type="method" name="getValidator" visibility="protected" complexity="2" crap="6" count="0"/>
        <line num="88" type="stmt" count="0"/>
        <line num="89" type="stmt" count="0"/>
        <line num="90" type="stmt" count="0"/>
        <line num="91" type="stmt" count="0"/>
        <line num="93" type="stmt" count="0"/>
        <line num="95" type="stmt" count="0"/>
        <line num="96" type="stmt" count="0"/>
        <metrics loc="97" ncloc="68" classes="1" methods="5" coveredmethods="0" conditionals="0" coveredconditionals="0" statements="32" coveredstatements="0" elements="37" coveredelements="0"/>
      </file>
    </package>
    <package name="AbterPhp\Contact\Template">
      <file name="/website/src/Template/ContactLoader.php">
        <class name="AbterPhp\Contact\Template\ContactLoader" namespace="AbterPhp\Contact\Template">
          <metrics complexity="4" methods="3" coveredmethods="0" conditionals="0" coveredconditionals="0" statements="20" coveredstatements="0" elements="23" coveredelements="0"/>
        </class>
        <line num="29" type="method" name="__construct" visibility="public" complexity="1" crap="2" count="0"/>
        <line num="30" type="stmt" count="0"/>
        <line num="31" type="stmt" count="0"/>
        <line num="32" type="stmt" count="0"/>
        <line num="33" type="stmt" count="0"/>
        <line num="40" type="method" name="load" visibility="public" complexity="2" crap="6" count="0"/>
        <line num="41" type="stmt" count="0"/>
        <line num="42" type="stmt" count="0"/>
        <line num="43" type="stmt" count="0"/>
        <line num="45" type="stmt" count="0"/>
        <line num="46" type="stmt" count="0"/>
        <line num="47" type="stmt" count="0"/>
        <line num="48" type="stmt" count="0"/>
        <line num="49" type="stmt" count="0"/>
        <line num="50" type="stmt" count="0"/>
        <line num="51" type="stmt" count="0"/>
        <line num="52" type="stmt" count="0"/>
        <line num="54" type="stmt" count="0"/>
        <line num="55" type="stmt" count="0"/>
        <line num="65" type="method" name="hasAnyChangedSince" visibility="public" complexity="1" crap="2" count="0"/>
        <line num="66" type="stmt" count="0"/>
        <line num="67" type="stmt" count="0"/>
        <line num="68" type="stmt" count="0"/>
        <metrics loc="69" ncloc="48" classes="1" methods="3" coveredmethods="0" conditionals="0" coveredconditionals="0" statements="20" coveredstatements="0" elements="23" coveredelements="0"/>
      </file>
    </package>
    <package name="AbterPhp\Contact\Validation\Factory">
      <file name="/website/src/Validation/Factory/Contact.php">
        <class name="AbterPhp\Contact\Validation\Factory\Contact" namespace="AbterPhp\Contact\Validation\Factory">
          <metrics complexity="1" methods="1" coveredmethods="0" conditionals="0" coveredconditionals="0" statements="17" coveredstatements="0" elements="18" coveredelements="0"/>
        </class>
        <line num="15" type="method" name="createValidator" visibility="public" complexity="1" crap="2" count="0"/>
        <line num="16" type="stmt" count="0"/>
        <line num="17" type="stmt" count="0"/>
        <line num="19" type="stmt" count="0"/>
        <line num="20" type="stmt" count="0"/>
        <line num="21" type="stmt" count="0"/>
        <line num="23" type="stmt" count="0"/>
        <line num="24" type="stmt" count="0"/>
        <line num="25" type="stmt" count="0"/>
        <line num="26" type="stmt" count="0"/>
        <line num="28" type="stmt" count="0"/>
        <line num="29" type="stmt" count="0"/>
        <line num="30" type="stmt" count="0"/>
        <line num="32" type="stmt" count="0"/>
        <line num="33" type="stmt" count="0"/>
        <line num="34" type="stmt" count="0"/>
        <line num="36" type="stmt" count="0"/>
        <line num="37" type="stmt" count="0"/>
        <metrics loc="38" ncloc="35" classes="1" methods="1" coveredmethods="0" conditionals="0" coveredconditionals="0" statements="17" coveredstatements="0" elements="18" coveredelements="0"/>
      </file>
    </package>
    <metrics files="10" loc="559" ncloc="434" classes="8" methods="26" coveredmethods="0" conditionals="0" coveredconditionals="0" statements="174" coveredstatements="0" elements="200" coveredelements="0"/>
  </project>
</coverage>
